<?xml version="1.0" encoding="UTF-8"?>
<testng-results skipped="0" failed="1" ignored="0" total="5" passed="4">
  <reporter-output>
    <line>
      <![CDATA[Titles match,VerifyLogin Passed]]>
    </line>
    <line>
      <![CDATA[Add emp passed!]]>
    </line>
  </reporter-output>
  <suite name="mySuite" duration-ms="37644" started-at="2019-02-28T12:52:17Z" finished-at="2019-02-28T12:52:55Z">
    <groups>
    </groups>
    <test name="myTest" duration-ms="37644" started-at="2019-02-28T12:52:17Z" finished-at="2019-02-28T12:52:55Z">
      <class name="testNG.Example2">
        <test-method status="PASS" signature="addLocation()[pri:0, instance:testNG.Example2@965684]" name="addLocation" duration-ms="7" started-at="2019-02-28T18:22:34Z" finished-at="2019-02-28T18:22:34Z">
          <reporter-output>
          </reporter-output>
        </test-method> <!-- addLocation -->
        <test-method status="PASS" signature="deleteEmp()[pri:0, instance:testNG.Example2@965684]" name="deleteEmp" duration-ms="3" started-at="2019-02-28T18:22:34Z" finished-at="2019-02-28T18:22:34Z">
          <reporter-output>
          </reporter-output>
        </test-method> <!-- deleteEmp -->
      </class> <!-- testNG.Example2 -->
      <class name="testNG.Example1">
        <test-method status="PASS" signature="openBrowser()[pri:0, instance:testNG.Example1@7fdd33]" name="openBrowser" is-config="true" duration-ms="7664" started-at="2019-02-28T18:22:17Z" finished-at="2019-02-28T18:22:25Z">
          <reporter-output>
          </reporter-output>
        </test-method> <!-- openBrowser -->
        <test-method status="PASS" signature="beforeClass()[pri:0, instance:testNG.Example1@7fdd33]" name="beforeClass" is-config="true" duration-ms="1" started-at="2019-02-28T18:22:25Z" finished-at="2019-02-28T18:22:25Z">
          <reporter-output>
          </reporter-output>
        </test-method> <!-- beforeClass -->
        <test-method status="PASS" signature="login()[pri:0, instance:testNG.Example1@7fdd33]" name="login" is-config="true" duration-ms="4274" started-at="2019-02-28T18:22:25Z" finished-at="2019-02-28T18:22:29Z">
          <reporter-output>
          </reporter-output>
        </test-method> <!-- login -->
        <test-method status="FAIL" signature="editEmp()[pri:0, instance:testNG.Example1@7fdd33]" name="editEmp" duration-ms="16" started-at="2019-02-28T18:22:29Z" finished-at="2019-02-28T18:22:29Z">
          <exception class="java.lang.AssertionError">
            <message>
              <![CDATA[expected [12] but found [11]]]>
            </message>
            <full-stacktrace>
              <![CDATA[java.lang.AssertionError: expected [12] but found [11]at org.testng.Assert.fail(Assert.java:96)at org.testng.Assert.failNotEquals(Assert.java:776)at org.testng.Assert.assertEqualsImpl(Assert.java:137)at org.testng.Assert.assertEquals(Assert.java:118)at org.testng.Assert.assertEquals(Assert.java:652)at org.testng.Assert.assertEquals(Assert.java:662)at testNG.Example1.editEmp(Example1.java:75)at sun.reflect.NativeMethodAccessorImpl.invoke0(Native Method)at sun.reflect.NativeMethodAccessorImpl.invoke(Unknown Source)at sun.reflect.DelegatingMethodAccessorImpl.invoke(Unknown Source)at java.lang.reflect.Method.invoke(Unknown Source)at org.testng.internal.MethodInvocationHelper.invokeMethod(MethodInvocationHelper.java:124)at org.testng.internal.Invoker.invokeMethod(Invoker.java:571)at org.testng.internal.Invoker.invokeTestMethod(Invoker.java:707)at org.testng.internal.Invoker.invokeTestMethods(Invoker.java:979)at org.testng.internal.TestMethodWorker.invokeTestMethods(TestMethodWorker.java:125)at org.testng.internal.TestMethodWorker.run(TestMethodWorker.java:109)at org.testng.TestRunner.privateRun(TestRunner.java:648)at org.testng.TestRunner.run(TestRunner.java:505)at org.testng.SuiteRunner.runTest(SuiteRunner.java:455)at org.testng.SuiteRunner.runSequentially(SuiteRunner.java:450)at org.testng.SuiteRunner.privateRun(SuiteRunner.java:415)at org.testng.SuiteRunner.run(SuiteRunner.java:364)at org.testng.SuiteRunnerWorker.runSuite(SuiteRunnerWorker.java:52)at org.testng.SuiteRunnerWorker.run(SuiteRunnerWorker.java:84)at org.testng.TestNG.runSuitesSequentially(TestNG.java:1187)at org.testng.TestNG.runSuitesLocally(TestNG.java:1116)at org.testng.TestNG.runSuites(TestNG.java:1028)at org.testng.TestNG.run(TestNG.java:996)at org.testng.remote.AbstractRemoteTestNG.run(AbstractRemoteTestNG.java:114)at org.testng.remote.RemoteTestNG.initAndRun(RemoteTestNG.java:251)at org.testng.remote.RemoteTestNG.main(RemoteTestNG.java:77)]]>
            </full-stacktrace>
          </exception> <!-- java.lang.AssertionError -->
          <reporter-output>
          </reporter-output>
        </test-method> <!-- editEmp -->
        <test-method status="PASS" signature="logout()[pri:0, instance:testNG.Example1@7fdd33]" name="logout" is-config="true" duration-ms="1521" started-at="2019-02-28T18:22:29Z" finished-at="2019-02-28T18:22:31Z">
          <reporter-output>
          </reporter-output>
        </test-method> <!-- logout -->
        <test-method status="PASS" signature="login()[pri:0, instance:testNG.Example1@7fdd33]" name="login" is-config="true" duration-ms="1859" started-at="2019-02-28T18:22:31Z" finished-at="2019-02-28T18:22:33Z">
          <reporter-output>
          </reporter-output>
        </test-method> <!-- login -->
        <test-method status="PASS" signature="verifyLogin()[pri:0, instance:testNG.Example1@7fdd33]" name="verifyLogin" duration-ms="19" started-at="2019-02-28T18:22:33Z" finished-at="2019-02-28T18:22:33Z">
          <reporter-output>
            <line>
              <![CDATA[Titles match,VerifyLogin Passed]]>
            </line>
          </reporter-output>
        </test-method> <!-- verifyLogin -->
        <test-method status="PASS" signature="logout()[pri:0, instance:testNG.Example1@7fdd33]" name="logout" is-config="true" duration-ms="1607" started-at="2019-02-28T18:22:33Z" finished-at="2019-02-28T18:22:34Z">
          <reporter-output>
          </reporter-output>
        </test-method> <!-- logout -->
        <test-method status="PASS" signature="login()[pri:0, instance:testNG.Example1@7fdd33]" name="login" is-config="true" duration-ms="1931" started-at="2019-02-28T18:22:34Z" finished-at="2019-02-28T18:22:36Z">
          <reporter-output>
          </reporter-output>
        </test-method> <!-- login -->
        <test-method status="PASS" signature="addEmp()[pri:1, instance:testNG.Example1@7fdd33]" name="addEmp" duration-ms="16819" started-at="2019-02-28T18:22:36Z" finished-at="2019-02-28T18:22:53Z">
          <reporter-output>
            <line>
              <![CDATA[Add emp passed!]]>
            </line>
          </reporter-output>
        </test-method> <!-- addEmp -->
        <test-method status="PASS" signature="logout()[pri:0, instance:testNG.Example1@7fdd33]" name="logout" is-config="true" duration-ms="1671" started-at="2019-02-28T18:22:53Z" finished-at="2019-02-28T18:22:55Z">
          <reporter-output>
          </reporter-output>
        </test-method> <!-- logout -->
        <test-method status="PASS" signature="closeBrowser()[pri:0, instance:testNG.Example1@7fdd33]" name="closeBrowser" is-config="true" duration-ms="141" started-at="2019-02-28T18:22:55Z" finished-at="2019-02-28T18:22:55Z">
          <reporter-output>
          </reporter-output>
        </test-method> <!-- closeBrowser -->
        <test-method status="PASS" signature="afterClass()[pri:0, instance:testNG.Example1@7fdd33]" name="afterClass" is-config="true" duration-ms="0" started-at="2019-02-28T18:22:55Z" finished-at="2019-02-28T18:22:55Z">
          <reporter-output>
          </reporter-output>
        </test-method> <!-- afterClass -->
      </class> <!-- testNG.Example1 -->
    </test> <!-- myTest -->
  </suite> <!-- mySuite -->
</testng-results>
