<?xml version="1.0" encoding="UTF-8"?>
<!-- Generated by org.testng.reporters.JUnitXMLReporter -->
<testsuite hostname="classroom-PC" ignored="0" name="myTest" tests="5" failures="1" timestamp="28 Feb 2019 12:52:55 GMT" time="37.644" errors="0">
  <testcase name="editEmp" time="0.016" classname="testNG.Example1">
    <failure type="java.lang.AssertionError" message="expected [12] but found [11]">
      <![CDATA[java.lang.AssertionError: expected [12] but found [11]at testNG.Example1.editEmp(Example1.java:75)... Removed 31 stack frames]]>
    </failure>
  </testcase> <!-- editEmp -->
  <testcase name="verifyLogin" time="0.019" classname="testNG.Example1"/>
  <testcase name="addLocation" time="0.007" classname="testNG.Example2"/>
  <testcase name="deleteEmp" time="0.003" classname="testNG.Example2"/>
  <testcase name="addEmp" time="16.819" classname="testNG.Example1"/>
</testsuite> <!-- myTest -->
