<?xml version="1.0" encoding="UTF-8"?>
<!-- Generated by org.testng.reporters.JUnitXMLReporter -->
<testsuite hostname="classroom-PC" ignored="0" name="myTest1" tests="4" failures="0" timestamp="28 Feb 2019 12:50:41 GMT" time="0.125" errors="0">
  <testcase name="addLocation" time="0.031" classname="testNG.Example2"/>
  <testcase name="deleteEmp" time="0.006" classname="testNG.Example2"/>
  <testcase name="deleteLocation" time="0.003" classname="testNG.Example3"/>
  <testcase name="editLocation" time="0.003" classname="testNG.Example3"/>
</testsuite> <!-- myTest1 -->
